{"/Users/812studio/Desktop/folders/Development/JS/Testing/Tap-Buckle-Up-basics/test/doge-clicker_tape.js":{"path":"/Users/812studio/Desktop/folders/Development/JS/Testing/Tap-Buckle-Up-basics/test/doge-clicker_tape.js","s":{"1":1,"2":1,"3":1,"4":1,"5":1,"6":2,"7":1,"8":1,"9":1,"10":1,"11":1,"12":1,"13":1,"14":1,"15":1,"16":1,"17":1,"18":1,"19":1,"20":1,"21":1,"22":1,"23":1,"24":1,"25":1},"b":{"1":[1,1],"2":[2,2]},"f":{"1":2,"2":1,"3":1,"4":1},"fnMap":{"1":{"name":"_interopRequireDefault","line":11,"loc":{"start":{"line":0,"column":0},"end":{"line":0,"column":0},"skip":true},"skip":true},"2":{"name":"(anonymous_2)","line":13,"loc":{"start":{"line":5,"column":52},"end":{"line":5,"column":60}}},"3":{"name":"(anonymous_3)","line":21,"loc":{"start":{"line":13,"column":50},"end":{"line":13,"column":58}}},"4":{"name":"(anonymous_4)","line":31,"loc":{"start":{"line":23,"column":69},"end":{"line":23,"column":78}}}},"statementMap":{"1":{"start":{"line":0,"column":0},"end":{"line":0,"column":0},"skip":true},"2":{"start":{"line":0,"column":0},"end":{"line":0,"column":0},"skip":true},"3":{"start":{"line":0,"column":0},"end":{"line":0,"column":0},"skip":true},"4":{"start":{"line":0,"column":0},"end":{"line":0,"column":0},"skip":true},"5":{"start":{"line":0,"column":0},"end":{"line":0,"column":0},"skip":true},"6":{"start":{"line":0,"column":0},"end":{"line":0,"column":0},"skip":true},"7":{"start":{"line":5,"column":0},"end":{"line":11,"column":2}},"8":{"start":{"line":6,"column":4},"end":{"line":6,"column":22}},"9":{"start":{"line":8,"column":4},"end":{"line":8,"column":15}},"10":{"start":{"line":9,"column":4},"end":{"line":9,"column":54}},"11":{"start":{"line":10,"column":4},"end":{"line":10,"column":16}},"12":{"start":{"line":13,"column":0},"end":{"line":21,"column":2}},"13":{"start":{"line":14,"column":3},"end":{"line":14,"column":21}},"14":{"start":{"line":15,"column":4},"end":{"line":15,"column":15}},"15":{"start":{"line":16,"column":4},"end":{"line":16,"column":15}},"16":{"start":{"line":17,"column":4},"end":{"line":17,"column":15}},"17":{"start":{"line":19,"column":4},"end":{"line":19,"column":44}},"18":{"start":{"line":20,"column":4},"end":{"line":20,"column":16}},"19":{"start":{"line":23,"column":0},"end":{"line":30,"column":2}},"20":{"start":{"line":24,"column":4},"end":{"line":24,"column":22}},"21":{"start":{"line":25,"column":4},"end":{"line":25,"column":16}},"22":{"start":{"line":26,"column":4},"end":{"line":26,"column":16}},"23":{"start":{"line":27,"column":4},"end":{"line":27,"column":16}},"24":{"start":{"line":28,"column":4},"end":{"line":28,"column":61}},"25":{"start":{"line":29,"column":4},"end":{"line":29,"column":16}}},"branchMap":{"1":{"line":11,"type":"cond-expr","locations":[{"start":{"line":0,"column":0},"end":{"line":0,"column":0},"skip":true},{"start":{"line":0,"column":0},"end":{"line":0,"column":0},"skip":true}]},"2":{"line":11,"type":"binary-expr","locations":[{"start":{"line":0,"column":0},"end":{"line":0,"column":0},"skip":true},{"start":{"line":0,"column":0},"end":{"line":0,"column":0},"skip":true}]}}},"/Users/812studio/Desktop/folders/Development/JS/Testing/Tap-Buckle-Up-basics/doge-clicker.js":{"path":"/Users/812studio/Desktop/folders/Development/JS/Testing/Tap-Buckle-Up-basics/doge-clicker.js","s":{"1":1,"2":1,"3":1,"4":3,"5":7},"b":{"1":[7,4]},"f":{"1":3,"2":7},"fnMap":{"1":{"name":"doge","line":7,"loc":{"start":{"line":1,"column":0},"end":{"line":1,"column":16}}},"2":{"name":"click","line":10,"loc":{"start":{"line":4,"column":13},"end":{"line":4,"column":21}}}},"statementMap":{"1":{"start":{"line":0,"column":0},"end":{"line":0,"column":0},"skip":true},"2":{"start":{"line":0,"column":0},"end":{"line":0,"column":0},"skip":true},"3":{"start":{"line":1,"column":0},"end":{"line":8,"column":1}},"4":{"start":{"line":2,"column":4},"end":{"line":7,"column":6}},"5":{"start":{"line":5,"column":12},"end":{"line":5,"column":37}}},"branchMap":{"1":{"line":11,"type":"binary-expr","locations":[{"start":{"line":5,"column":26},"end":{"line":5,"column":31}},{"start":{"line":5,"column":35},"end":{"line":5,"column":36}}]}}}}